<?xml version="1.0" encoding="UTF-8"?>
<testsuite name="com.jacklin.anddigitaltelecomsapi.CustomerControllerTest" tests="7" skipped="0" failures="0" errors="0" timestamp="2018-04-24T09:42:45" hostname="LAPTOP-LL3B84HD" time="3.074">
  <properties/>
  <testcase name="testPutPhoneNumbersRequestWithPhoneNumberInParameterSetsActivatedToTrue" classname="com.jacklin.anddigitaltelecomsapi.CustomerControllerTest" time="1.617"/>
  <testcase name="testGetPhoneNumbersRequestReturnsAllPhoneNumbers" classname="com.jacklin.anddigitaltelecomsapi.CustomerControllerTest" time="0.244"/>
  <testcase name="testPutPhoneNumbersRequestWithNonExistentNumberInParameterReturnsHttpResponse404" classname="com.jacklin.anddigitaltelecomsapi.CustomerControllerTest" time="0.427"/>
  <testcase name="testGetPhoneNumbersByCustomerIdRequestReturnsNoPhoneNumbersForANonExistentCustomer" classname="com.jacklin.anddigitaltelecomsapi.CustomerControllerTest" time="0.177"/>
  <testcase name="testGetPhoneNumbersByCustomerIdRequestReturnsHttpResponse404ForANonExistentCustomer" classname="com.jacklin.anddigitaltelecomsapi.CustomerControllerTest" time="0.197"/>
  <testcase name="testGetPhoneNumbersByCustomerIdRequestReturnsAllPhoneNumbersOfACustomerWithThreeNumbers" classname="com.jacklin.anddigitaltelecomsapi.CustomerControllerTest" time="0.193"/>
  <testcase name="testGetPhoneNumbersByCustomerIdRequestReturnsOnePhoneNumberOfACustomerWithOneNumber" classname="com.jacklin.anddigitaltelecomsapi.CustomerControllerTest" time="0.145"/>
  <system-out><![CDATA[2018-04-24 10:42:44.730  INFO 1576 --- [    Test worker] o.s.t.c.s.DefaultTestContextBootstrapper : Neither @ContextConfiguration nor @ContextHierarchy found for test class [com.jacklin.anddigitaltelecomsapi.CustomerControllerTest], using DelegatingSmartContextLoader
2018-04-24 10:42:44.740  INFO 1576 --- [    Test worker] o.s.t.c.support.AbstractContextLoader    : Could not detect default resource locations for test class [com.jacklin.anddigitaltelecomsapi.CustomerControllerTest]: no resource found for suffixes {-context.xml}.
2018-04-24 10:42:44.778  INFO 1576 --- [    Test worker] t.c.s.AnnotationConfigContextLoaderUtils : Could not detect default configuration classes for test class [com.jacklin.anddigitaltelecomsapi.CustomerControllerTest]: CustomerControllerTest does not declare any static, non-private, non-final, nested classes annotated with @Configuration.
2018-04-24 10:42:44.835  INFO 1576 --- [    Test worker] o.s.t.c.s.DefaultTestContextBootstrapper : Loaded default TestExecutionListener class names from location [META-INF/spring.factories]: [org.springframework.boot.test.autoconfigure.restdocs.RestDocsTestExecutionListener, org.springframework.boot.test.autoconfigure.web.client.MockRestServiceServerResetTestExecutionListener, org.springframework.boot.test.autoconfigure.web.servlet.MockMvcPrintOnlyOnFailureTestExecutionListener, org.springframework.boot.test.autoconfigure.web.servlet.WebDriverTestExecutionListener, org.springframework.boot.test.mock.mockito.MockitoTestExecutionListener, org.springframework.boot.test.mock.mockito.ResetMocksTestExecutionListener, org.springframework.test.context.web.ServletTestExecutionListener, org.springframework.test.context.support.DirtiesContextBeforeModesTestExecutionListener, org.springframework.test.context.support.DependencyInjectionTestExecutionListener, org.springframework.test.context.support.DirtiesContextTestExecutionListener, org.springframework.test.context.transaction.TransactionalTestExecutionListener, org.springframework.test.context.jdbc.SqlScriptsTestExecutionListener]
2018-04-24 10:42:44.845  INFO 1576 --- [    Test worker] o.s.t.c.s.DefaultTestContextBootstrapper : Using TestExecutionListeners: [org.springframework.test.context.web.ServletTestExecutionListener@3c651d8a, org.springframework.test.context.support.DirtiesContextBeforeModesTestExecutionListener@41580b44, org.springframework.boot.test.mock.mockito.MockitoTestExecutionListener@3cfc5572, org.springframework.test.context.support.DependencyInjectionTestExecutionListener@1988218c, org.springframework.test.context.support.DirtiesContextTestExecutionListener@d95f67a, org.springframework.test.context.transaction.TransactionalTestExecutionListener@c16dea7, org.springframework.test.context.jdbc.SqlScriptsTestExecutionListener@521f5d92, org.springframework.boot.test.autoconfigure.restdocs.RestDocsTestExecutionListener@a43821c, org.springframework.boot.test.autoconfigure.web.client.MockRestServiceServerResetTestExecutionListener@28c78308, org.springframework.boot.test.autoconfigure.web.servlet.MockMvcPrintOnlyOnFailureTestExecutionListener@121e9351, org.springframework.boot.test.autoconfigure.web.servlet.WebDriverTestExecutionListener@3ac5bf4d, org.springframework.boot.test.mock.mockito.ResetMocksTestExecutionListener@2c80996b]
2018-04-24 10:42:45.082  INFO 1576 --- [    Test worker] o.s.c.support.GenericApplicationContext  : Refreshing org.springframework.context.support.GenericApplicationContext@2d8b8115: startup date [Tue Apr 24 10:42:45 BST 2018]; root of context hierarchy
2018-04-24 10:42:45.591  INFO 1576 --- [    Test worker] s.w.s.m.m.a.RequestMappingHandlerMapping : Mapped "{[/api/customers/{customerid}/phonenumbers],methods=[GET],produces=[application/json]}" onto public java.util.List<com.jacklin.anddigitaltelecomsapi.PhoneNumber> com.jacklin.anddigitaltelecomsapi.PhoneNumberController.getPhoneNumbersByCustomerId(int,javax.servlet.http.HttpServletResponse)
2018-04-24 10:42:45.596  INFO 1576 --- [    Test worker] s.w.s.m.m.a.RequestMappingHandlerMapping : Mapped "{[/api/phonenumbers/{phonenumber}],methods=[PUT],produces=[application/json]}" onto public java.util.List<com.jacklin.anddigitaltelecomsapi.PhoneNumber> com.jacklin.anddigitaltelecomsapi.PhoneNumberController.activatePhoneNumber(java.lang.String,javax.servlet.http.HttpServletResponse)
2018-04-24 10:42:45.597  INFO 1576 --- [    Test worker] s.w.s.m.m.a.RequestMappingHandlerMapping : Mapped "{[/api/phonenumbers],methods=[GET],produces=[application/json]}" onto public java.util.List<com.jacklin.anddigitaltelecomsapi.PhoneNumber> com.jacklin.anddigitaltelecomsapi.PhoneNumberController.getPhoneNumbers()
2018-04-24 10:42:45.723  INFO 1576 --- [    Test worker] s.w.s.m.m.a.RequestMappingHandlerAdapter : Looking for @ControllerAdvice: org.springframework.test.web.servlet.setup.StubWebApplicationContext@2529b5f2
2018-04-24 10:42:45.795  INFO 1576 --- [    Test worker] o.s.mock.web.MockServletContext          : Initializing Spring FrameworkServlet ''
2018-04-24 10:42:45.808  INFO 1576 --- [    Test worker] o.s.t.web.servlet.TestDispatcherServlet  : FrameworkServlet '': initialization started
2018-04-24 10:42:45.813  INFO 1576 --- [    Test worker] o.s.t.web.servlet.TestDispatcherServlet  : FrameworkServlet '': initialization completed in 3 ms
2018-04-24 10:42:47.116  INFO 1576 --- [    Test worker] s.w.s.m.m.a.RequestMappingHandlerMapping : Mapped "{[/api/customers/{customerid}/phonenumbers],methods=[GET],produces=[application/json]}" onto public java.util.List<com.jacklin.anddigitaltelecomsapi.PhoneNumber> com.jacklin.anddigitaltelecomsapi.PhoneNumberController.getPhoneNumbersByCustomerId(int,javax.servlet.http.HttpServletResponse)
2018-04-24 10:42:47.123  INFO 1576 --- [    Test worker] s.w.s.m.m.a.RequestMappingHandlerMapping : Mapped "{[/api/phonenumbers/{phonenumber}],methods=[PUT],produces=[application/json]}" onto public java.util.List<com.jacklin.anddigitaltelecomsapi.PhoneNumber> com.jacklin.anddigitaltelecomsapi.PhoneNumberController.activatePhoneNumber(java.lang.String,javax.servlet.http.HttpServletResponse)
2018-04-24 10:42:47.134  INFO 1576 --- [    Test worker] s.w.s.m.m.a.RequestMappingHandlerMapping : Mapped "{[/api/phonenumbers],methods=[GET],produces=[application/json]}" onto public java.util.List<com.jacklin.anddigitaltelecomsapi.PhoneNumber> com.jacklin.anddigitaltelecomsapi.PhoneNumberController.getPhoneNumbers()
2018-04-24 10:42:47.265  INFO 1576 --- [    Test worker] s.w.s.m.m.a.RequestMappingHandlerAdapter : Looking for @ControllerAdvice: org.springframework.test.web.servlet.setup.StubWebApplicationContext@7f9c354d
2018-04-24 10:42:47.283  INFO 1576 --- [    Test worker] o.s.mock.web.MockServletContext          : Initializing Spring FrameworkServlet ''
2018-04-24 10:42:47.285  INFO 1576 --- [    Test worker] o.s.t.web.servlet.TestDispatcherServlet  : FrameworkServlet '': initialization started
2018-04-24 10:42:47.290  INFO 1576 --- [    Test worker] o.s.t.web.servlet.TestDispatcherServlet  : FrameworkServlet '': initialization completed in 5 ms
2018-04-24 10:42:47.429  INFO 1576 --- [    Test worker] s.w.s.m.m.a.RequestMappingHandlerMapping : Mapped "{[/api/customers/{customerid}/phonenumbers],methods=[GET],produces=[application/json]}" onto public java.util.List<com.jacklin.anddigitaltelecomsapi.PhoneNumber> com.jacklin.anddigitaltelecomsapi.PhoneNumberController.getPhoneNumbersByCustomerId(int,javax.servlet.http.HttpServletResponse)
2018-04-24 10:42:47.464  INFO 1576 --- [    Test worker] s.w.s.m.m.a.RequestMappingHandlerMapping : Mapped "{[/api/phonenumbers/{phonenumber}],methods=[PUT],produces=[application/json]}" onto public java.util.List<com.jacklin.anddigitaltelecomsapi.PhoneNumber> com.jacklin.anddigitaltelecomsapi.PhoneNumberController.activatePhoneNumber(java.lang.String,javax.servlet.http.HttpServletResponse)
2018-04-24 10:42:47.475  INFO 1576 --- [    Test worker] s.w.s.m.m.a.RequestMappingHandlerMapping : Mapped "{[/api/phonenumbers],methods=[GET],produces=[application/json]}" onto public java.util.List<com.jacklin.anddigitaltelecomsapi.PhoneNumber> com.jacklin.anddigitaltelecomsapi.PhoneNumberController.getPhoneNumbers()
2018-04-24 10:42:47.750  INFO 1576 --- [    Test worker] s.w.s.m.m.a.RequestMappingHandlerAdapter : Looking for @ControllerAdvice: org.springframework.test.web.servlet.setup.StubWebApplicationContext@631f1341
2018-04-24 10:42:47.771  INFO 1576 --- [    Test worker] o.s.mock.web.MockServletContext          : Initializing Spring FrameworkServlet ''
2018-04-24 10:42:47.775  INFO 1576 --- [    Test worker] o.s.t.web.servlet.TestDispatcherServlet  : FrameworkServlet '': initialization started
2018-04-24 10:42:47.777  INFO 1576 --- [    Test worker] o.s.t.web.servlet.TestDispatcherServlet  : FrameworkServlet '': initialization completed in 0 ms
2018-04-24 10:42:47.813  INFO 1576 --- [    Test worker] s.w.s.m.m.a.RequestMappingHandlerMapping : Mapped "{[/api/customers/{customerid}/phonenumbers],methods=[GET],produces=[application/json]}" onto public java.util.List<com.jacklin.anddigitaltelecomsapi.PhoneNumber> com.jacklin.anddigitaltelecomsapi.PhoneNumberController.getPhoneNumbersByCustomerId(int,javax.servlet.http.HttpServletResponse)
2018-04-24 10:42:47.823  INFO 1576 --- [    Test worker] s.w.s.m.m.a.RequestMappingHandlerMapping : Mapped "{[/api/phonenumbers/{phonenumber}],methods=[PUT],produces=[application/json]}" onto public java.util.List<com.jacklin.anddigitaltelecomsapi.PhoneNumber> com.jacklin.anddigitaltelecomsapi.PhoneNumberController.activatePhoneNumber(java.lang.String,javax.servlet.http.HttpServletResponse)
2018-04-24 10:42:47.825  INFO 1576 --- [    Test worker] s.w.s.m.m.a.RequestMappingHandlerMapping : Mapped "{[/api/phonenumbers],methods=[GET],produces=[application/json]}" onto public java.util.List<com.jacklin.anddigitaltelecomsapi.PhoneNumber> com.jacklin.anddigitaltelecomsapi.PhoneNumberController.getPhoneNumbers()
2018-04-24 10:42:47.916  INFO 1576 --- [    Test worker] s.w.s.m.m.a.RequestMappingHandlerAdapter : Looking for @ControllerAdvice: org.springframework.test.web.servlet.setup.StubWebApplicationContext@77b72599
2018-04-24 10:42:47.930  INFO 1576 --- [    Test worker] o.s.mock.web.MockServletContext          : Initializing Spring FrameworkServlet ''
2018-04-24 10:42:47.934  INFO 1576 --- [    Test worker] o.s.t.web.servlet.TestDispatcherServlet  : FrameworkServlet '': initialization started
2018-04-24 10:42:47.939  INFO 1576 --- [    Test worker] o.s.t.web.servlet.TestDispatcherServlet  : FrameworkServlet '': initialization completed in 4 ms
2018-04-24 10:42:48.017  INFO 1576 --- [    Test worker] s.w.s.m.m.a.RequestMappingHandlerMapping : Mapped "{[/api/customers/{customerid}/phonenumbers],methods=[GET],produces=[application/json]}" onto public java.util.List<com.jacklin.anddigitaltelecomsapi.PhoneNumber> com.jacklin.anddigitaltelecomsapi.PhoneNumberController.getPhoneNumbersByCustomerId(int,javax.servlet.http.HttpServletResponse)
2018-04-24 10:42:48.026  INFO 1576 --- [    Test worker] s.w.s.m.m.a.RequestMappingHandlerMapping : Mapped "{[/api/phonenumbers/{phonenumber}],methods=[PUT],produces=[application/json]}" onto public java.util.List<com.jacklin.anddigitaltelecomsapi.PhoneNumber> com.jacklin.anddigitaltelecomsapi.PhoneNumberController.activatePhoneNumber(java.lang.String,javax.servlet.http.HttpServletResponse)
2018-04-24 10:42:48.027  INFO 1576 --- [    Test worker] s.w.s.m.m.a.RequestMappingHandlerMapping : Mapped "{[/api/phonenumbers],methods=[GET],produces=[application/json]}" onto public java.util.List<com.jacklin.anddigitaltelecomsapi.PhoneNumber> com.jacklin.anddigitaltelecomsapi.PhoneNumberController.getPhoneNumbers()
2018-04-24 10:42:48.146  INFO 1576 --- [    Test worker] s.w.s.m.m.a.RequestMappingHandlerAdapter : Looking for @ControllerAdvice: org.springframework.test.web.servlet.setup.StubWebApplicationContext@6cd181e
2018-04-24 10:42:48.161  INFO 1576 --- [    Test worker] o.s.mock.web.MockServletContext          : Initializing Spring FrameworkServlet ''
2018-04-24 10:42:48.162  INFO 1576 --- [    Test worker] o.s.t.web.servlet.TestDispatcherServlet  : FrameworkServlet '': initialization started
2018-04-24 10:42:48.166  INFO 1576 --- [    Test worker] o.s.t.web.servlet.TestDispatcherServlet  : FrameworkServlet '': initialization completed in 1 ms
2018-04-24 10:42:48.215  INFO 1576 --- [    Test worker] s.w.s.m.m.a.RequestMappingHandlerMapping : Mapped "{[/api/customers/{customerid}/phonenumbers],methods=[GET],produces=[application/json]}" onto public java.util.List<com.jacklin.anddigitaltelecomsapi.PhoneNumber> com.jacklin.anddigitaltelecomsapi.PhoneNumberController.getPhoneNumbersByCustomerId(int,javax.servlet.http.HttpServletResponse)
2018-04-24 10:42:48.222  INFO 1576 --- [    Test worker] s.w.s.m.m.a.RequestMappingHandlerMapping : Mapped "{[/api/phonenumbers/{phonenumber}],methods=[PUT],produces=[application/json]}" onto public java.util.List<com.jacklin.anddigitaltelecomsapi.PhoneNumber> com.jacklin.anddigitaltelecomsapi.PhoneNumberController.activatePhoneNumber(java.lang.String,javax.servlet.http.HttpServletResponse)
2018-04-24 10:42:48.228  INFO 1576 --- [    Test worker] s.w.s.m.m.a.RequestMappingHandlerMapping : Mapped "{[/api/phonenumbers],methods=[GET],produces=[application/json]}" onto public java.util.List<com.jacklin.anddigitaltelecomsapi.PhoneNumber> com.jacklin.anddigitaltelecomsapi.PhoneNumberController.getPhoneNumbers()
2018-04-24 10:42:48.314  INFO 1576 --- [    Test worker] s.w.s.m.m.a.RequestMappingHandlerAdapter : Looking for @ControllerAdvice: org.springframework.test.web.servlet.setup.StubWebApplicationContext@1f488307
2018-04-24 10:42:48.340  INFO 1576 --- [    Test worker] o.s.mock.web.MockServletContext          : Initializing Spring FrameworkServlet ''
2018-04-24 10:42:48.347  INFO 1576 --- [    Test worker] o.s.t.web.servlet.TestDispatcherServlet  : FrameworkServlet '': initialization started
2018-04-24 10:42:48.356  INFO 1576 --- [    Test worker] o.s.t.web.servlet.TestDispatcherServlet  : FrameworkServlet '': initialization completed in 0 ms
2018-04-24 10:42:48.407  INFO 1576 --- [    Test worker] s.w.s.m.m.a.RequestMappingHandlerMapping : Mapped "{[/api/customers/{customerid}/phonenumbers],methods=[GET],produces=[application/json]}" onto public java.util.List<com.jacklin.anddigitaltelecomsapi.PhoneNumber> com.jacklin.anddigitaltelecomsapi.PhoneNumberController.getPhoneNumbersByCustomerId(int,javax.servlet.http.HttpServletResponse)
2018-04-24 10:42:48.409  INFO 1576 --- [    Test worker] s.w.s.m.m.a.RequestMappingHandlerMapping : Mapped "{[/api/phonenumbers/{phonenumber}],methods=[PUT],produces=[application/json]}" onto public java.util.List<com.jacklin.anddigitaltelecomsapi.PhoneNumber> com.jacklin.anddigitaltelecomsapi.PhoneNumberController.activatePhoneNumber(java.lang.String,javax.servlet.http.HttpServletResponse)
2018-04-24 10:42:48.413  INFO 1576 --- [    Test worker] s.w.s.m.m.a.RequestMappingHandlerMapping : Mapped "{[/api/phonenumbers],methods=[GET],produces=[application/json]}" onto public java.util.List<com.jacklin.anddigitaltelecomsapi.PhoneNumber> com.jacklin.anddigitaltelecomsapi.PhoneNumberController.getPhoneNumbers()
2018-04-24 10:42:48.508  INFO 1576 --- [    Test worker] s.w.s.m.m.a.RequestMappingHandlerAdapter : Looking for @ControllerAdvice: org.springframework.test.web.servlet.setup.StubWebApplicationContext@3a7464e7
2018-04-24 10:42:48.518  INFO 1576 --- [    Test worker] o.s.mock.web.MockServletContext          : Initializing Spring FrameworkServlet ''
2018-04-24 10:42:48.518  INFO 1576 --- [    Test worker] o.s.t.web.servlet.TestDispatcherServlet  : FrameworkServlet '': initialization started
2018-04-24 10:42:48.519  INFO 1576 --- [    Test worker] o.s.t.web.servlet.TestDispatcherServlet  : FrameworkServlet '': initialization completed in 1 ms
]]></system-out>
  <system-err><![CDATA[]]></system-err>
</testsuite>
